c:\users\hp\documents\visual studio 2013\projects\team2\team2\debug\team2.pch
c:\users\hp\documents\visual studio 2013\projects\team2\team2\debug\vc120.pdb
c:\users\hp\documents\visual studio 2013\projects\team2\team2\debug\stdafx.obj
c:\users\hp\documents\visual studio 2013\projects\team2\team2\debug\team2.obj
c:\users\hp\documents\visual studio 2013\projects\team2\team2\debug\form4.obj
c:\users\hp\documents\visual studio 2013\projects\team2\team2\debug\form3.obj
c:\users\hp\documents\visual studio 2013\projects\team2\team2\debug\form2.obj
c:\users\hp\documents\visual studio 2013\projects\team2\team2\debug\assemblyinfo.obj
c:\users\hp\documents\visual studio 2013\projects\team2\team2\debug\.netframework,version=v4.5.assemblyattributes.obj
c:\users\hp\documents\visual studio 2013\projects\team2\debug\team2.exe
c:\users\hp\documents\visual studio 2013\projects\team2\debug\team2.pdb
c:\users\hp\documents\visual studio 2013\projects\team2\team2\debug\app.res
c:\users\hp\documents\visual studio 2013\projects\team2\team2\debug\team2.form1.resources
c:\users\hp\documents\visual studio 2013\projects\team2\team2\debug\team2.form2.resources
c:\users\hp\documents\visual studio 2013\projects\team2\team2\debug\team2.form3.resources
c:\users\hp\documents\visual studio 2013\projects\team2\team2\debug\team2.form4.resources
c:\users\hp\documents\visual studio 2013\projects\team2\team2\debug\team2.vcxproj.generateresource.cache
c:\users\hp\documents\visual studio 2013\projects\team2\team2\debug\team2.tlog\cl.command.1.tlog
c:\users\hp\documents\visual studio 2013\projects\team2\team2\debug\team2.tlog\cl.read.1.tlog
c:\users\hp\documents\visual studio 2013\projects\team2\team2\debug\team2.tlog\cl.write.1.tlog
c:\users\hp\documents\visual studio 2013\projects\team2\team2\debug\team2.tlog\link.command.1.tlog
c:\users\hp\documents\visual studio 2013\projects\team2\team2\debug\team2.tlog\link.read.1.tlog
c:\users\hp\documents\visual studio 2013\projects\team2\team2\debug\team2.tlog\link.write.1.tlog
c:\users\hp\documents\visual studio 2013\projects\team2\team2\debug\team2.tlog\metagen.read.1.tlog
c:\users\hp\documents\visual studio 2013\projects\team2\team2\debug\team2.tlog\metagen.write.1.tlog
c:\users\hp\documents\visual studio 2013\projects\team2\team2\debug\team2.tlog\rc.command.1.tlog
c:\users\hp\documents\visual studio 2013\projects\team2\team2\debug\team2.tlog\rc.read.1.tlog
c:\users\hp\documents\visual studio 2013\projects\team2\team2\debug\team2.tlog\rc.write.1.tlog
c:\users\hp\documents\visual studio 2013\projects\team2\team2\debug\team2.tlog\team2.write.1u.tlog
c:\users\hp\documents\visual studio 2013\projects\team2\team2\debug\team2.tlog\rsaenh.dll.bi
c:\users\hp\documents\visual studio 2013\projects\team2\team2\debug\team2.tlog\tzres.dll.bi
